<?xml version="1.0" encoding="UTF-8"?>
<!-- Generated by org.testng.reporters.JUnitReportReporter -->
<testsuite hostname="DESKTOP-NJG1QTE" failures="0" tests="1" name="Bar.NewTest" time="9.389" errors="0" timestamp="2021-02-18T10:59:37 EET" skipped="0">
  <testcase classname="Bar.NewTest" name="beforeTest" time="9.389"/>
  <system-out/>
</testsuite> <!-- Bar.NewTest -->
